2017-06-08 09:57:00,210 INFO[org.quartz.impl.StdSchedulerFactory:1172] - Using default implementation for ThreadExecutor
  2017-06-08 09:57:00,217 INFO[org.quartz.simpl.SimpleThreadPool:268] - Job execution threads will use class loader of thread: main
  2017-06-08 09:57:00,249 INFO[org.quartz.core.SchedulerSignalerImpl:61] - Initialized Scheduler Signaller of type: class org.quartz.core.SchedulerSignalerImpl
  2017-06-08 09:57:00,250 INFO[org.quartz.core.QuartzScheduler:240] - Quartz Scheduler v.2.2.3 created.
  2017-06-08 09:57:00,252 INFO[org.quartz.simpl.RAMJobStore:155] - RAMJobStore initialized.
  2017-06-08 09:57:00,253 INFO[org.quartz.core.QuartzScheduler:305] - Scheduler meta-data: Quartz Scheduler (v2.2.3) 'DefaultQuartzScheduler' with instanceId 'NON_CLUSTERED'
  Scheduler class: 'org.quartz.core.QuartzScheduler' - running locally.
  NOT STARTED.
  Currently in standby mode.
  Number of jobs executed: 0
  Using thread pool 'org.quartz.simpl.SimpleThreadPool' - with 10 threads.
  Using job-store 'org.quartz.simpl.RAMJobStore' - which does not support persistence. and is not clustered.

  2017-06-08 09:57:00,254 INFO[org.quartz.impl.StdSchedulerFactory:1327] - Quartz scheduler 'DefaultQuartzScheduler' initialized from default resource file in Quartz package: 'quartz.properties'
  2017-06-08 09:57:00,254 INFO[org.quartz.impl.StdSchedulerFactory:1331] - Quartz scheduler version: 2.2.3
  2017-06-08 09:57:00,274 INFO[org.quartz.core.QuartzScheduler:575] - Scheduler DefaultQuartzScheduler_$_NON_CLUSTERED started.
  2017-06-08 09:57:53,745 INFO[org.quartz.impl.StdSchedulerFactory:1172] - Using default implementation for ThreadExecutor
  2017-06-08 09:57:53,753 INFO[org.quartz.simpl.SimpleThreadPool:268] - Job execution threads will use class loader of thread: main
  2017-06-08 09:57:53,779 INFO[org.quartz.core.SchedulerSignalerImpl:61] - Initialized Scheduler Signaller of type: class org.quartz.core.SchedulerSignalerImpl
  2017-06-08 09:57:53,779 INFO[org.quartz.core.QuartzScheduler:240] - Quartz Scheduler v.2.2.3 created.
  2017-06-08 09:57:53,783 INFO[org.quartz.simpl.RAMJobStore:155] - RAMJobStore initialized.
  2017-06-08 09:57:53,784 INFO[org.quartz.core.QuartzScheduler:305] - Scheduler meta-data: Quartz Scheduler (v2.2.3) 'DefaultQuartzScheduler' with instanceId 'NON_CLUSTERED'
  Scheduler class: 'org.quartz.core.QuartzScheduler' - running locally.
  NOT STARTED.
  Currently in standby mode.
  Number of jobs executed: 0
  Using thread pool 'org.quartz.simpl.SimpleThreadPool' - with 10 threads.
  Using job-store 'org.quartz.simpl.RAMJobStore' - which does not support persistence. and is not clustered.

  2017-06-08 09:57:53,785 INFO[org.quartz.impl.StdSchedulerFactory:1327] - Quartz scheduler 'DefaultQuartzScheduler' initialized from default resource file in Quartz package: 'quartz.properties'
  2017-06-08 09:57:53,785 INFO[org.quartz.impl.StdSchedulerFactory:1331] - Quartz scheduler version: 2.2.3
  2017-06-08 09:57:53,798 INFO[org.quartz.core.QuartzScheduler:575] - Scheduler DefaultQuartzScheduler_$_NON_CLUSTERED started.
  2017-06-08 09:59:22,854 INFO[org.quartz.impl.StdSchedulerFactory:1172] - Using default implementation for ThreadExecutor
  2017-06-08 09:59:22,859 INFO[org.quartz.simpl.SimpleThreadPool:268] - Job execution threads will use class loader of thread: main
  2017-06-08 09:59:22,879 INFO[org.quartz.core.SchedulerSignalerImpl:61] - Initialized Scheduler Signaller of type: class org.quartz.core.SchedulerSignalerImpl
  2017-06-08 09:59:22,879 INFO[org.quartz.core.QuartzScheduler:240] - Quartz Scheduler v.2.2.3 created.
  2017-06-08 09:59:22,882 INFO[org.quartz.simpl.RAMJobStore:155] - RAMJobStore initialized.
  2017-06-08 09:59:22,883 INFO[org.quartz.core.QuartzScheduler:305] - Scheduler meta-data: Quartz Scheduler (v2.2.3) 'DefaultQuartzScheduler' with instanceId 'NON_CLUSTERED'
  Scheduler class: 'org.quartz.core.QuartzScheduler' - running locally.
  NOT STARTED.
  Currently in standby mode.
  Number of jobs executed: 0
  Using thread pool 'org.quartz.simpl.SimpleThreadPool' - with 10 threads.
  Using job-store 'org.quartz.simpl.RAMJobStore' - which does not support persistence. and is not clustered.

  2017-06-08 09:59:22,883 INFO[org.quartz.impl.StdSchedulerFactory:1327] - Quartz scheduler 'DefaultQuartzScheduler' initialized from default resource file in Quartz package: 'quartz.properties'
  2017-06-08 09:59:22,883 INFO[org.quartz.impl.StdSchedulerFactory:1331] - Quartz scheduler version: 2.2.3
  2017-06-08 09:59:22,896 INFO[org.quartz.core.QuartzScheduler:575] - Scheduler DefaultQuartzScheduler_$_NON_CLUSTERED started.
  2017-06-08 10:00:15,908 INFO[org.quartz.impl.StdSchedulerFactory:1172] - Using default implementation for ThreadExecutor
  2017-06-08 10:00:15,915 INFO[org.quartz.simpl.SimpleThreadPool:268] - Job execution threads will use class loader of thread: main
  2017-06-08 10:00:15,928 INFO[org.quartz.core.SchedulerSignalerImpl:61] - Initialized Scheduler Signaller of type: class org.quartz.core.SchedulerSignalerImpl
  2017-06-08 10:00:15,929 INFO[org.quartz.core.QuartzScheduler:240] - Quartz Scheduler v.2.2.3 created.
  2017-06-08 10:00:15,931 INFO[org.quartz.simpl.RAMJobStore:155] - RAMJobStore initialized.
  2017-06-08 10:00:15,932 INFO[org.quartz.core.QuartzScheduler:305] - Scheduler meta-data: Quartz Scheduler (v2.2.3) 'DefaultQuartzScheduler' with instanceId 'NON_CLUSTERED'
  Scheduler class: 'org.quartz.core.QuartzScheduler' - running locally.
  NOT STARTED.
  Currently in standby mode.
  Number of jobs executed: 0
  Using thread pool 'org.quartz.simpl.SimpleThreadPool' - with 10 threads.
  Using job-store 'org.quartz.simpl.RAMJobStore' - which does not support persistence. and is not clustered.

  2017-06-08 10:00:15,932 INFO[org.quartz.impl.StdSchedulerFactory:1327] - Quartz scheduler 'DefaultQuartzScheduler' initialized from default resource file in Quartz package: 'quartz.properties'
  2017-06-08 10:00:15,932 INFO[org.quartz.impl.StdSchedulerFactory:1331] - Quartz scheduler version: 2.2.3
  2017-06-08 10:00:15,938 INFO[org.quartz.core.QuartzScheduler:575] - Scheduler DefaultQuartzScheduler_$_NON_CLUSTERED started.
  2017-06-08 11:35:11,462 INFO[org.quartz.impl.StdSchedulerFactory:1172] - Using default implementation for ThreadExecutor
  2017-06-08 11:35:11,469 INFO[org.quartz.simpl.SimpleThreadPool:268] - Job execution threads will use class loader of thread: main
  2017-06-08 11:35:11,482 INFO[org.quartz.core.SchedulerSignalerImpl:61] - Initialized Scheduler Signaller of type: class org.quartz.core.SchedulerSignalerImpl
  2017-06-08 11:35:11,482 INFO[org.quartz.core.QuartzScheduler:240] - Quartz Scheduler v.2.2.3 created.
  2017-06-08 11:35:11,485 INFO[org.quartz.simpl.RAMJobStore:155] - RAMJobStore initialized.
  2017-06-08 11:35:11,486 INFO[org.quartz.core.QuartzScheduler:305] - Scheduler meta-data: Quartz Scheduler (v2.2.3) 'DefaultQuartzScheduler' with instanceId 'NON_CLUSTERED'
  Scheduler class: 'org.quartz.core.QuartzScheduler' - running locally.
  NOT STARTED.
  Currently in standby mode.
  Number of jobs executed: 0
  Using thread pool 'org.quartz.simpl.SimpleThreadPool' - with 10 threads.
  Using job-store 'org.quartz.simpl.RAMJobStore' - which does not support persistence. and is not clustered.

  2017-06-08 11:35:11,486 INFO[org.quartz.impl.StdSchedulerFactory:1327] - Quartz scheduler 'DefaultQuartzScheduler' initialized from default resource file in Quartz package: 'quartz.properties'
  2017-06-08 11:35:11,486 INFO[org.quartz.impl.StdSchedulerFactory:1331] - Quartz scheduler version: 2.2.3
  2017-06-08 11:35:11,493 INFO[org.quartz.core.QuartzScheduler:575] - Scheduler DefaultQuartzScheduler_$_NON_CLUSTERED started.
  